<?xml version="1.0" encoding="UTF-8"?>
<!-- Generated by org.testng.reporters.JUnitXMLReporter -->
<testsuite ignored="0" hostname="DESKTOP-JM7Q39K" failures="0" tests="4" name="logintestcase" time="56.375" errors="0" timestamp="2022-10-24T14:10:03 IST">
  <testcase classname="com.sample.Bothcorrect" name="loginwithBothcorrect" time="15.015"/>
  <testcase classname="com.sample.BothIncorrect" name="loginwithBothIncorrect" time="13.376"/>
  <testcase classname="com.sample.correctPassword" name="loginwithcorrectPassword" time="15.378"/>
  <testcase classname="com.sample.correctUsername" name="loginwithcorrectUsername" time="12.518"/>
</testsuite> <!-- logintestcase -->
